E:\Share\AntNet\Build\Windows\..\..\Lib\Bit32\Windows\Thread-32.lib
E:\Share\AntNet\Build\Windows\Temp\Bit32\Release\Thread\cl.command.1.tlog
E:\Share\AntNet\Build\Windows\Temp\Bit32\Release\Thread\CL.read.1.tlog
E:\Share\AntNet\Build\Windows\Temp\Bit32\Release\Thread\CL.write.1.tlog
E:\Share\AntNet\Build\Windows\Temp\Bit32\Release\Thread\CMutex.obj
E:\Share\AntNet\Build\Windows\Temp\Bit32\Release\Thread\CNamedMutex.obj
E:\Share\AntNet\Build\Windows\Temp\Bit32\Release\Thread\CPipe.obj
E:\Share\AntNet\Build\Windows\Temp\Bit32\Release\Thread\CProcessHandle.obj
E:\Share\AntNet\Build\Windows\Temp\Bit32\Release\Thread\CProcessManager.obj
E:\Share\AntNet\Build\Windows\Temp\Bit32\Release\Thread\CReadWriteLock.obj
E:\Share\AntNet\Build\Windows\Temp\Bit32\Release\Thread\CSemaphore.obj
E:\Share\AntNet\Build\Windows\Temp\Bit32\Release\Thread\CThread.obj
E:\Share\AntNet\Build\Windows\Temp\Bit32\Release\Thread\CThreadEvent.obj
E:\Share\AntNet\Build\Windows\Temp\Bit32\Release\Thread\CThreadPool.obj
E:\Share\AntNet\Build\Windows\Temp\Bit32\Release\Thread\IAppLogger.obj
E:\Share\AntNet\Build\Windows\Temp\Bit32\Release\Thread\lib.command.1.tlog
E:\Share\AntNet\Build\Windows\Temp\Bit32\Release\Thread\Lib-link.read.1.tlog
E:\Share\AntNet\Build\Windows\Temp\Bit32\Release\Thread\Lib-link.write.1.tlog
E:\Share\AntNet\Build\Windows\Temp\Bit32\Release\Thread\Thread.write.1.tlog
E:\Share\AntNet\Build\Windows\Temp\Bit32\Release\Thread\vc100.pdb
F:\TEMP\ANTNET\BUILD\WINDOWS\TEMP\BIT32\RELEASE\THREAD\CMUTEX.OBJ
F:\TEMP\ANTNET\BUILD\WINDOWS\TEMP\BIT32\RELEASE\THREAD\CNAMEDMUTEX.OBJ
F:\TEMP\ANTNET\BUILD\WINDOWS\TEMP\BIT32\RELEASE\THREAD\CPIPE.OBJ
F:\TEMP\ANTNET\BUILD\WINDOWS\TEMP\BIT32\RELEASE\THREAD\CPROCESSHANDLE.OBJ
F:\TEMP\ANTNET\BUILD\WINDOWS\TEMP\BIT32\RELEASE\THREAD\CPROCESSMANAGER.OBJ
F:\TEMP\ANTNET\BUILD\WINDOWS\TEMP\BIT32\RELEASE\THREAD\CREADWRITELOCK.OBJ
F:\TEMP\ANTNET\BUILD\WINDOWS\TEMP\BIT32\RELEASE\THREAD\CSEMAPHORE.OBJ
F:\TEMP\ANTNET\BUILD\WINDOWS\TEMP\BIT32\RELEASE\THREAD\CTHREAD.OBJ
F:\TEMP\ANTNET\BUILD\WINDOWS\TEMP\BIT32\RELEASE\THREAD\CTHREADEVENT.OBJ
F:\TEMP\ANTNET\BUILD\WINDOWS\TEMP\BIT32\RELEASE\THREAD\CTHREADPOOL.OBJ
F:\TEMP\ANTNET\BUILD\WINDOWS\TEMP\BIT32\RELEASE\THREAD\IAPPLOGGER.OBJ
F:\TEMP\ANTNET\BUILD\WINDOWS\TEMP\BIT32\RELEASE\THREAD\VC100.PDB
F:\TEMP\ANTNET\LIB\BIT32\WINDOWS\THREAD-32.LIB
