E:\Share\AntNet\Build\Windows\..\..\Lib\Bit32\Windows\AntNet-32D.lib
E:\Share\AntNet\Build\Windows\Temp\Bit32\Debug\AntNet\AntNet.write.1.tlog
E:\Share\AntNet\Build\Windows\Temp\Bit32\Debug\AntNet\cl.command.1.tlog
E:\Share\AntNet\Build\Windows\Temp\Bit32\Debug\AntNet\CL.read.1.tlog
E:\Share\AntNet\Build\Windows\Temp\Bit32\Debug\AntNet\CL.write.1.tlog
E:\Share\AntNet\Build\Windows\Temp\Bit32\Debug\AntNet\CNetClientTCP.obj
E:\Share\AntNet\Build\Windows\Temp\Bit32\Debug\AntNet\CNetClientUDP.obj
E:\Share\AntNet\Build\Windows\Temp\Bit32\Debug\AntNet\CNetManager.obj
E:\Share\AntNet\Build\Windows\Temp\Bit32\Debug\AntNet\CNetPacket.obj
E:\Share\AntNet\Build\Windows\Temp\Bit32\Debug\AntNet\CNetProtocal.obj
E:\Share\AntNet\Build\Windows\Temp\Bit32\Debug\AntNet\CNetServerNormalTCP.obj
E:\Share\AntNet\Build\Windows\Temp\Bit32\Debug\AntNet\CNetServerSeniorTCP.obj
E:\Share\AntNet\Build\Windows\Temp\Bit32\Debug\AntNet\CNetServerSeniorUDP.obj
E:\Share\AntNet\Build\Windows\Temp\Bit32\Debug\AntNet\CNetUtility.obj
E:\Share\AntNet\Build\Windows\Temp\Bit32\Debug\AntNet\CQueueRing.obj
E:\Share\AntNet\Build\Windows\Temp\Bit32\Debug\AntNet\CStreamFile.obj
E:\Share\AntNet\Build\Windows\Temp\Bit32\Debug\AntNet\IAppLogger.obj
E:\Share\AntNet\Build\Windows\Temp\Bit32\Debug\AntNet\IAppTimer.obj
E:\Share\AntNet\Build\Windows\Temp\Bit32\Debug\AntNet\ITimer.obj
E:\Share\AntNet\Build\Windows\Temp\Bit32\Debug\AntNet\IUtility.obj
E:\Share\AntNet\Build\Windows\Temp\Bit32\Debug\AntNet\lib.command.1.tlog
E:\Share\AntNet\Build\Windows\Temp\Bit32\Debug\AntNet\Lib-link.read.1.tlog
E:\Share\AntNet\Build\Windows\Temp\Bit32\Debug\AntNet\Lib-link.write.1.tlog
E:\Share\AntNet\Build\Windows\Temp\Bit32\Debug\AntNet\SClientContext.obj
E:\Share\AntNet\Build\Windows\Temp\Bit32\Debug\AntNet\vc100.idb
E:\Share\AntNet\Build\Windows\Temp\Bit32\Debug\AntNet\vc100.pdb
F:\TEMP\ANTNET\BUILD\WINDOWS\TEMP\BIT32\DEBUG\ANTNET\CNETCLIENTTCP.OBJ
F:\TEMP\ANTNET\BUILD\WINDOWS\TEMP\BIT32\DEBUG\ANTNET\CNETCLIENTUDP.OBJ
F:\TEMP\ANTNET\BUILD\WINDOWS\TEMP\BIT32\DEBUG\ANTNET\CNETMANAGER.OBJ
F:\TEMP\ANTNET\BUILD\WINDOWS\TEMP\BIT32\DEBUG\ANTNET\CNETPACKET.OBJ
F:\TEMP\ANTNET\BUILD\WINDOWS\TEMP\BIT32\DEBUG\ANTNET\CNETPROTOCAL.OBJ
F:\TEMP\ANTNET\BUILD\WINDOWS\TEMP\BIT32\DEBUG\ANTNET\CNETSERVERNORMALTCP.OBJ
F:\TEMP\ANTNET\BUILD\WINDOWS\TEMP\BIT32\DEBUG\ANTNET\CNETSERVERSENIORTCP.OBJ
F:\TEMP\ANTNET\BUILD\WINDOWS\TEMP\BIT32\DEBUG\ANTNET\CNETSERVERSENIORUDP.OBJ
F:\TEMP\ANTNET\BUILD\WINDOWS\TEMP\BIT32\DEBUG\ANTNET\CNETUTILITY.OBJ
F:\TEMP\ANTNET\BUILD\WINDOWS\TEMP\BIT32\DEBUG\ANTNET\CQUEUERING.OBJ
F:\TEMP\ANTNET\BUILD\WINDOWS\TEMP\BIT32\DEBUG\ANTNET\CSTREAMFILE.OBJ
F:\TEMP\ANTNET\BUILD\WINDOWS\TEMP\BIT32\DEBUG\ANTNET\IAPPLOGGER.OBJ
F:\TEMP\ANTNET\BUILD\WINDOWS\TEMP\BIT32\DEBUG\ANTNET\IAPPTIMER.OBJ
F:\TEMP\ANTNET\BUILD\WINDOWS\TEMP\BIT32\DEBUG\ANTNET\ITIMER.OBJ
F:\TEMP\ANTNET\BUILD\WINDOWS\TEMP\BIT32\DEBUG\ANTNET\IUTILITY.OBJ
F:\TEMP\ANTNET\BUILD\WINDOWS\TEMP\BIT32\DEBUG\ANTNET\SCLIENTCONTEXT.OBJ
F:\TEMP\ANTNET\BUILD\WINDOWS\TEMP\BIT32\DEBUG\ANTNET\VC100.PDB
F:\TEMP\ANTNET\LIB\BIT32\WINDOWS\ANTNET-32D.LIB
