E:\Share\AntNet\Build\Windows\..\..\Lib\Bit32\Windows\Thread-32D.lib
E:\Share\AntNet\Build\Windows\Temp\Bit32\Debug\Thread\cl.command.1.tlog
E:\Share\AntNet\Build\Windows\Temp\Bit32\Debug\Thread\CL.read.1.tlog
E:\Share\AntNet\Build\Windows\Temp\Bit32\Debug\Thread\CL.write.1.tlog
E:\Share\AntNet\Build\Windows\Temp\Bit32\Debug\Thread\CMutex.obj
E:\Share\AntNet\Build\Windows\Temp\Bit32\Debug\Thread\CNamedMutex.obj
E:\Share\AntNet\Build\Windows\Temp\Bit32\Debug\Thread\CPipe.obj
E:\Share\AntNet\Build\Windows\Temp\Bit32\Debug\Thread\CProcessHandle.obj
E:\Share\AntNet\Build\Windows\Temp\Bit32\Debug\Thread\CProcessManager.obj
E:\Share\AntNet\Build\Windows\Temp\Bit32\Debug\Thread\CReadWriteLock.obj
E:\Share\AntNet\Build\Windows\Temp\Bit32\Debug\Thread\CSemaphore.obj
E:\Share\AntNet\Build\Windows\Temp\Bit32\Debug\Thread\CThread.obj
E:\Share\AntNet\Build\Windows\Temp\Bit32\Debug\Thread\CThreadEvent.obj
E:\Share\AntNet\Build\Windows\Temp\Bit32\Debug\Thread\CThreadPool.obj
E:\Share\AntNet\Build\Windows\Temp\Bit32\Debug\Thread\IAppLogger.obj
E:\Share\AntNet\Build\Windows\Temp\Bit32\Debug\Thread\lib.command.1.tlog
E:\Share\AntNet\Build\Windows\Temp\Bit32\Debug\Thread\Lib-link.read.1.tlog
E:\Share\AntNet\Build\Windows\Temp\Bit32\Debug\Thread\Lib-link.write.1.tlog
E:\Share\AntNet\Build\Windows\Temp\Bit32\Debug\Thread\Thread.write.1.tlog
E:\Share\AntNet\Build\Windows\Temp\Bit32\Debug\Thread\vc100.idb
E:\Share\AntNet\Build\Windows\Temp\Bit32\Debug\Thread\vc100.pdb
F:\TEMP\ANTNET\BUILD\WINDOWS\TEMP\BIT32\DEBUG\THREAD\CMUTEX.OBJ
F:\TEMP\ANTNET\BUILD\WINDOWS\TEMP\BIT32\DEBUG\THREAD\CNAMEDMUTEX.OBJ
F:\TEMP\ANTNET\BUILD\WINDOWS\TEMP\BIT32\DEBUG\THREAD\CPIPE.OBJ
F:\TEMP\ANTNET\BUILD\WINDOWS\TEMP\BIT32\DEBUG\THREAD\CPROCESSHANDLE.OBJ
F:\TEMP\ANTNET\BUILD\WINDOWS\TEMP\BIT32\DEBUG\THREAD\CPROCESSMANAGER.OBJ
F:\TEMP\ANTNET\BUILD\WINDOWS\TEMP\BIT32\DEBUG\THREAD\CREADWRITELOCK.OBJ
F:\TEMP\ANTNET\BUILD\WINDOWS\TEMP\BIT32\DEBUG\THREAD\CSEMAPHORE.OBJ
F:\TEMP\ANTNET\BUILD\WINDOWS\TEMP\BIT32\DEBUG\THREAD\CTHREAD.OBJ
F:\TEMP\ANTNET\BUILD\WINDOWS\TEMP\BIT32\DEBUG\THREAD\CTHREADEVENT.OBJ
F:\TEMP\ANTNET\BUILD\WINDOWS\TEMP\BIT32\DEBUG\THREAD\CTHREADPOOL.OBJ
F:\TEMP\ANTNET\BUILD\WINDOWS\TEMP\BIT32\DEBUG\THREAD\IAPPLOGGER.OBJ
F:\TEMP\ANTNET\BUILD\WINDOWS\TEMP\BIT32\DEBUG\THREAD\VC100.PDB
F:\TEMP\ANTNET\LIB\BIT32\WINDOWS\THREAD-32D.LIB
