e:\share\antnet\build\windows\temp\bit64\debug\antnet\antnet.pdb
e:\share\antnet\build\windows\temp\bit64\debug\antnet\antnet.idb
e:\share\antnet\build\windows\temp\bit64\debug\antnet\cnetsession.obj
e:\share\antnet\build\windows\temp\bit64\debug\antnet\cnetsocket.obj
e:\share\antnet\build\windows\temp\bit64\debug\antnet\cnetutility.obj
e:\share\antnet\build\windows\temp\bit64\debug\antnet\ctimerwheel.obj
e:\share\antnet\build\windows\temp\bit64\debug\antnet\cnetclienthttp.obj
e:\share\antnet\build\windows\temp\bit64\debug\antnet\cnethttphead.obj
e:\share\antnet\build\windows\temp\bit64\debug\antnet\cnethttprequest.obj
e:\share\antnet\build\windows\temp\bit64\debug\antnet\cnethttpresponse.obj
e:\share\antnet\build\windows\temp\bit64\debug\antnet\cnethttpurl.obj
e:\share\antnet\build\windows\temp\bit64\debug\antnet\cnetmailclient.obj
e:\share\antnet\build\windows\temp\bit64\debug\antnet\cnetmailmessage.obj
e:\share\antnet\build\windows\temp\bit64\debug\antnet\cnetping.obj
e:\share\antnet\build\windows\temp\bit64\debug\antnet\cnetsynping.obj
e:\share\antnet\build\windows\temp\bit64\debug\antnet\sclientcontext.obj
e:\share\antnet\build\windows\temp\bit64\debug\antnet\snetaddress.obj
e:\share\antnet\build\windows\temp\bit64\debug\antnet\cqueuenode.obj
e:\share\antnet\build\windows\temp\bit64\debug\antnet\cstreamfile.obj
e:\share\antnet\build\windows\temp\bit64\debug\antnet\iapplogger.obj
e:\share\antnet\build\windows\temp\bit64\debug\antnet\iapptimer.obj
e:\share\antnet\build\windows\temp\bit64\debug\antnet\iutility.obj
e:\share\antnet\build\windows\temp\bit64\debug\antnet\cbase64coder.obj
e:\share\antnet\build\windows\temp\bit64\debug\antnet\ccheckcrc16.obj
e:\share\antnet\build\windows\temp\bit64\debug\antnet\ccheckcrc32.obj
e:\share\antnet\build\windows\temp\bit64\debug\antnet\cchecksum.obj
e:\share\antnet\build\windows\temp\bit64\debug\antnet\ceventpoller.obj
e:\share\antnet\build\windows\temp\bit64\debug\antnet\cnetclientnatpuncher.obj
e:\share\antnet\build\windows\temp\bit64\debug\antnet\cnetclientseniortcp.obj
e:\share\antnet\build\windows\temp\bit64\debug\antnet\cnetclienttcp.obj
e:\share\antnet\build\windows\temp\bit64\debug\antnet\cnetclientudp.obj
e:\share\antnet\build\windows\temp\bit64\debug\antnet\cnetmanager.obj
e:\share\antnet\build\windows\temp\bit64\debug\antnet\cnetpacket.obj
e:\share\antnet\build\windows\temp\bit64\debug\antnet\cnetprotocal.obj
e:\share\antnet\build\windows\temp\bit64\debug\antnet\cnetserveracceptor.obj
e:\share\antnet\build\windows\temp\bit64\debug\antnet\cnetservernatpuncher.obj
e:\share\antnet\build\windows\temp\bit64\debug\antnet\cnetserverseniortcp.obj
e:\share\antnet\build\windows\temp\bit64\debug\antnet\cnetserverseniorudp.obj
e:\share\antnet\build\windows\temp\bit64\debug\antnet\cnetservertcp.obj
e:\share\antnet\build\windows\temp\bit64\debug\antnet\ctimeoutmanager.obj
e:\share\antnet\lib\bit64\windows\antnet-64d.lib
e:\share\antnet\build\windows\temp\bit64\debug\antnet\cqueuering.obj
e:\share\antnet\build\windows\temp\bit64\debug\antnet\csuperfasthash.obj
e:\share\antnet\build\windows\temp\bit64\debug\antnet\ctimerheap.obj
e:\share\antnet\build\windows\..\..\lib\bit64\windows\antnet-64d.lib
e:\share\antnet\build\windows\temp\bit64\debug\antnet\antnet.tlog\cl.command.1.tlog
e:\share\antnet\build\windows\temp\bit64\debug\antnet\antnet.tlog\cl.read.1.tlog
e:\share\antnet\build\windows\temp\bit64\debug\antnet\antnet.tlog\cl.write.1.tlog
e:\share\antnet\build\windows\temp\bit64\debug\antnet\antnet.tlog\lib-link.read.1.tlog
e:\share\antnet\build\windows\temp\bit64\debug\antnet\antnet.tlog\lib-link.write.1.tlog
e:\share\antnet\build\windows\temp\bit64\debug\antnet\antnet.tlog\lib.command.1.tlog
