f:\temp\antnet\build\windows\temp\bit64\release\thread\cthreadpool.obj
f:\temp\antnet\build\windows\temp\bit64\release\thread\cthreadevent.obj
f:\temp\antnet\build\windows\temp\bit64\release\thread\cthread.obj
f:\temp\antnet\build\windows\temp\bit64\release\thread\cmutex.obj
f:\temp\antnet\build\windows\temp\bit64\release\thread\iapplogger.obj
f:\temp\antnet\build\windows\temp\bit64\release\thread\vc100.pdb
f:\temp\antnet\build\windows\temp\bit64\release\thread\csemaphore.obj
f:\temp\antnet\build\windows\temp\bit64\release\thread\creadwritelock.obj
f:\temp\antnet\build\windows\temp\bit64\release\thread\cprocessmanager.obj
f:\temp\antnet\build\windows\temp\bit64\release\thread\cprocesshandle.obj
f:\temp\antnet\build\windows\temp\bit64\release\thread\cpipe.obj
f:\temp\antnet\build\windows\temp\bit64\release\thread\cnamedmutex.obj
e:\share\antnet\build\windows\temp\bit64\release\thread\cthreadpool.obj
e:\share\antnet\build\windows\temp\bit64\release\thread\cthreadevent.obj
e:\share\antnet\build\windows\temp\bit64\release\thread\cthread.obj
e:\share\antnet\build\windows\temp\bit64\release\thread\csemaphore.obj
e:\share\antnet\build\windows\temp\bit64\release\thread\creadwritelock.obj
e:\share\antnet\build\windows\temp\bit64\release\thread\cprocessmanager.obj
e:\share\antnet\build\windows\temp\bit64\release\thread\cprocesshandle.obj
e:\share\antnet\build\windows\temp\bit64\release\thread\cpipe.obj
e:\share\antnet\build\windows\temp\bit64\release\thread\cnamedmutex.obj
e:\share\antnet\build\windows\temp\bit64\release\thread\cmutex.obj
e:\share\antnet\build\windows\temp\bit64\release\thread\vc100.pdb
f:\temp\antnet\lib\bit64\windows\thread-64.lib
e:\share\antnet\lib\bit64\windows\thread-64.lib
e:\share\antnet\build\windows\temp\bit64\release\thread\catomicvalue32.obj
e:\share\antnet\build\windows\temp\bit64\release\thread\ccondition.obj
e:\share\antnet\build\windows\temp\bit64\release\thread\hatomicoperator.obj
e:\share\antnet\build\windows\temp\bit64\release\thread\iapplogger.obj
e:\share\antnet\build\windows\temp\bit64\release\thread\cl.command.1.tlog
e:\share\antnet\build\windows\temp\bit64\release\thread\cl.read.1.tlog
e:\share\antnet\build\windows\temp\bit64\release\thread\cl.write.1.tlog
e:\share\antnet\build\windows\temp\bit64\release\thread\lib-link.read.1.tlog
e:\share\antnet\build\windows\temp\bit64\release\thread\lib-link.write.1.tlog
e:\share\antnet\build\windows\temp\bit64\release\thread\lib.command.1.tlog
e:\share\antnet\build\windows\temp\bit64\release\thread\thread.write.1.tlog
e:\share\antnet\build\windows\temp\bit64\release\thread\thread.pdb
e:\share\antnet\build\windows\temp\bit64\release\thread\thread.tlog\cl.command.1.tlog
e:\share\antnet\build\windows\temp\bit64\release\thread\thread.tlog\lib-link.read.1.tlog
e:\share\antnet\build\windows\temp\bit64\release\thread\thread.tlog\lib-link.write.1.tlog
e:\share\antnet\build\windows\temp\bit64\release\thread\thread.tlog\lib.command.1.tlog
