f:\temp\antnet\build\windows\temp\bit64\release\antnet\iutility.obj
f:\temp\antnet\build\windows\temp\bit64\release\antnet\itimer.obj
f:\temp\antnet\build\windows\temp\bit64\release\antnet\iapplogger.obj
f:\temp\antnet\build\windows\temp\bit64\release\antnet\cstreamfile.obj
f:\temp\antnet\build\windows\temp\bit64\release\antnet\cqueuering.obj
f:\temp\antnet\build\windows\temp\bit64\release\antnet\sclientcontext.obj
f:\temp\antnet\build\windows\temp\bit64\release\antnet\cnetutility.obj
f:\temp\antnet\build\windows\temp\bit64\release\antnet\cnetserverseniorudp.obj
f:\temp\antnet\build\windows\temp\bit64\release\antnet\cnetserverseniortcp.obj
f:\temp\antnet\build\windows\temp\bit64\release\antnet\cnetservernormaltcp.obj
f:\temp\antnet\build\windows\temp\bit64\release\antnet\cnetprotocal.obj
f:\temp\antnet\build\windows\temp\bit64\release\antnet\cnetpackage.obj
f:\temp\antnet\build\windows\temp\bit64\release\antnet\cnetmanager.obj
f:\temp\antnet\build\windows\temp\bit64\release\antnet\cnetclientudp.obj
f:\temp\antnet\build\windows\temp\bit64\release\antnet\cnetclienttcp.obj
f:\temp\antnet\build\windows\temp\bit64\release\antnet\vc100.pdb
f:\temp\antnet\build\windows\temp\bit64\release\antnet\iapptimer.obj
f:\temp\antnet\build\windows\temp\bit64\release\antnet\cnetpacket.obj
e:\share\antnet\build\windows\temp\bit64\release\antnet\iutility.obj
e:\share\antnet\build\windows\temp\bit64\release\antnet\iapptimer.obj
e:\share\antnet\build\windows\temp\bit64\release\antnet\iapplogger.obj
e:\share\antnet\build\windows\temp\bit64\release\antnet\cstreamfile.obj
e:\share\antnet\build\windows\temp\bit64\release\antnet\cqueuering.obj
e:\share\antnet\build\windows\temp\bit64\release\antnet\sclientcontext.obj
e:\share\antnet\build\windows\temp\bit64\release\antnet\cnetutility.obj
e:\share\antnet\build\windows\temp\bit64\release\antnet\cnetserverseniorudp.obj
e:\share\antnet\build\windows\temp\bit64\release\antnet\cnetserverseniortcp.obj
e:\share\antnet\build\windows\temp\bit64\release\antnet\cnetservernormaltcp.obj
e:\share\antnet\build\windows\temp\bit64\release\antnet\cnetprotocal.obj
e:\share\antnet\build\windows\temp\bit64\release\antnet\cnetpacket.obj
e:\share\antnet\build\windows\temp\bit64\release\antnet\cnetmanager.obj
e:\share\antnet\build\windows\temp\bit64\release\antnet\cnetclientudp.obj
e:\share\antnet\build\windows\temp\bit64\release\antnet\cnetclienttcp.obj
e:\share\antnet\build\windows\temp\bit64\release\antnet\vc100.pdb
f:\temp\antnet\lib\bit64\windows\antnet-64.lib
e:\share\antnet\lib\bit64\windows\antnet-64.lib
e:\share\antnet\build\windows\temp\bit64\release\antnet\antnet.pdb
e:\share\antnet\build\windows\temp\bit64\release\antnet\ctimerheap.obj
e:\share\antnet\build\windows\temp\bit64\release\antnet\csuperfasthash.obj
e:\share\antnet\build\windows\temp\bit64\release\antnet\cnetsocket.obj
e:\share\antnet\build\windows\temp\bit64\release\antnet\cnetsession.obj
e:\share\antnet\build\windows\temp\bit64\release\antnet\cnetservertcp.obj
e:\share\antnet\build\windows\temp\bit64\release\antnet\cnetservernatpuncher.obj
e:\share\antnet\build\windows\temp\bit64\release\antnet\cnetserveracceptor.obj
e:\share\antnet\build\windows\temp\bit64\release\antnet\cnetclientseniortcp.obj
e:\share\antnet\build\windows\temp\bit64\release\antnet\cnetclientnatpuncher.obj
e:\share\antnet\build\windows\temp\bit64\release\antnet\ceventpoller.obj
e:\share\antnet\build\windows\temp\bit64\release\antnet\cchecksum.obj
e:\share\antnet\build\windows\temp\bit64\release\antnet\cbase64coder.obj
e:\share\antnet\build\windows\temp\bit64\release\antnet\cqueuenode.obj
e:\share\antnet\build\windows\temp\bit64\release\antnet\snetaddress.obj
e:\share\antnet\build\windows\temp\bit64\release\antnet\cnetmailmessage.obj
e:\share\antnet\build\windows\temp\bit64\release\antnet\cnetmailclient.obj
e:\share\antnet\build\windows\temp\bit64\release\antnet\cnethttpurl.obj
e:\share\antnet\build\windows\temp\bit64\release\antnet\cnethttpresponse.obj
e:\share\antnet\build\windows\temp\bit64\release\antnet\cnethttprequest.obj
e:\share\antnet\build\windows\temp\bit64\release\antnet\cnethttphead.obj
e:\share\antnet\build\windows\temp\bit64\release\antnet\cnetclienthttp.obj
e:\share\antnet\build\windows\temp\bit64\release\antnet\ctimerwheel.obj
e:\share\antnet\build\windows\temp\bit64\release\antnet\cnetsynping.obj
e:\share\antnet\build\windows\temp\bit64\release\antnet\cnetping.obj
e:\share\antnet\build\windows\temp\bit64\release\antnet\ccheckcrc32.obj
e:\share\antnet\build\windows\temp\bit64\release\antnet\ccheckcrc16.obj
e:\share\antnet\build\windows\temp\bit64\release\antnet\antnet.vcxprojresolveassemblyreference.cache
e:\share\antnet\build\windows\temp\bit64\release\antnet\cnetpackage.obj
e:\share\antnet\build\windows\temp\bit64\release\antnet\itimer.obj
e:\share\antnet\build\windows\temp\bit64\release\antnet\antnet.write.1.tlog
e:\share\antnet\build\windows\temp\bit64\release\antnet\cl.command.1.tlog
e:\share\antnet\build\windows\temp\bit64\release\antnet\cl.read.1.tlog
e:\share\antnet\build\windows\temp\bit64\release\antnet\cl.write.1.tlog
e:\share\antnet\build\windows\temp\bit64\release\antnet\lib-link.read.1.tlog
e:\share\antnet\build\windows\temp\bit64\release\antnet\lib-link.write.1.tlog
e:\share\antnet\build\windows\temp\bit64\release\antnet\lib.command.1.tlog
e:\share\antnet\build\windows\..\..\lib\bit64\windows\antnet-64.lib
e:\share\antnet\build\windows\temp\bit64\release\antnet\antnet.tlog\cl.command.1.tlog
e:\share\antnet\build\windows\temp\bit64\release\antnet\antnet.tlog\cl.read.1.tlog
e:\share\antnet\build\windows\temp\bit64\release\antnet\antnet.tlog\cl.write.1.tlog
e:\share\antnet\build\windows\temp\bit64\release\antnet\antnet.tlog\lib-link.read.1.tlog
e:\share\antnet\build\windows\temp\bit64\release\antnet\antnet.tlog\lib-link.write.1.tlog
e:\share\antnet\build\windows\temp\bit64\release\antnet\antnet.tlog\lib.command.1.tlog
