E:\Share\AntNet\Build\Windows\..\..\Lib\Bit32\Windows\AntNet-32.lib
E:\Share\AntNet\Build\Windows\Temp\Bit32\Release\AntNet\AntNet.vcxprojResolveAssemblyReference.cache
E:\Share\AntNet\Build\Windows\Temp\Bit32\Release\AntNet\AntNet.write.1.tlog
E:\Share\AntNet\Build\Windows\Temp\Bit32\Release\AntNet\cl.command.1.tlog
E:\Share\AntNet\Build\Windows\Temp\Bit32\Release\AntNet\CL.read.1.tlog
E:\Share\AntNet\Build\Windows\Temp\Bit32\Release\AntNet\CL.write.1.tlog
E:\Share\AntNet\Build\Windows\Temp\Bit32\Release\AntNet\CNetClientTCP.obj
E:\Share\AntNet\Build\Windows\Temp\Bit32\Release\AntNet\CNetClientUDP.obj
E:\Share\AntNet\Build\Windows\Temp\Bit32\Release\AntNet\CNetManager.obj
E:\Share\AntNet\Build\Windows\Temp\Bit32\Release\AntNet\CNetPackage.obj
E:\Share\AntNet\Build\Windows\Temp\Bit32\Release\AntNet\CNetPacket.obj
E:\Share\AntNet\Build\Windows\Temp\Bit32\Release\AntNet\CNetProtocal.obj
E:\Share\AntNet\Build\Windows\Temp\Bit32\Release\AntNet\CNetServerNormalTCP.obj
E:\Share\AntNet\Build\Windows\Temp\Bit32\Release\AntNet\CNetServerSeniorTCP.obj
E:\Share\AntNet\Build\Windows\Temp\Bit32\Release\AntNet\CNetServerSeniorUDP.obj
E:\Share\AntNet\Build\Windows\Temp\Bit32\Release\AntNet\CNetUtility.obj
E:\Share\AntNet\Build\Windows\Temp\Bit32\Release\AntNet\CQueueRing.obj
E:\Share\AntNet\Build\Windows\Temp\Bit32\Release\AntNet\CStreamFile.obj
E:\Share\AntNet\Build\Windows\Temp\Bit32\Release\AntNet\IAppLogger.obj
E:\Share\AntNet\Build\Windows\Temp\Bit32\Release\AntNet\IAppTimer.obj
E:\Share\AntNet\Build\Windows\Temp\Bit32\Release\AntNet\ITimer.obj
E:\Share\AntNet\Build\Windows\Temp\Bit32\Release\AntNet\IUtility.obj
E:\Share\AntNet\Build\Windows\Temp\Bit32\Release\AntNet\lib.command.1.tlog
E:\Share\AntNet\Build\Windows\Temp\Bit32\Release\AntNet\Lib-link.read.1.tlog
E:\Share\AntNet\Build\Windows\Temp\Bit32\Release\AntNet\Lib-link.write.1.tlog
E:\Share\AntNet\Build\Windows\Temp\Bit32\Release\AntNet\SClientContext.obj
E:\Share\AntNet\Build\Windows\Temp\Bit32\Release\AntNet\vc100.pdb
F:\TEMP\ANTNET\BUILD\WINDOWS\TEMP\BIT32\RELEASE\ANTNET\CNETCLIENTTCP.OBJ
F:\TEMP\ANTNET\BUILD\WINDOWS\TEMP\BIT32\RELEASE\ANTNET\CNETCLIENTUDP.OBJ
F:\TEMP\ANTNET\BUILD\WINDOWS\TEMP\BIT32\RELEASE\ANTNET\CNETMANAGER.OBJ
F:\TEMP\ANTNET\BUILD\WINDOWS\TEMP\BIT32\RELEASE\ANTNET\CNETPACKAGE.OBJ
F:\TEMP\ANTNET\BUILD\WINDOWS\TEMP\BIT32\RELEASE\ANTNET\CNETPACKET.OBJ
F:\TEMP\ANTNET\BUILD\WINDOWS\TEMP\BIT32\RELEASE\ANTNET\CNETPROTOCAL.OBJ
F:\TEMP\ANTNET\BUILD\WINDOWS\TEMP\BIT32\RELEASE\ANTNET\CNETSERVERNORMALTCP.OBJ
F:\TEMP\ANTNET\BUILD\WINDOWS\TEMP\BIT32\RELEASE\ANTNET\CNETSERVERSENIORTCP.OBJ
F:\TEMP\ANTNET\BUILD\WINDOWS\TEMP\BIT32\RELEASE\ANTNET\CNETSERVERSENIORUDP.OBJ
F:\TEMP\ANTNET\BUILD\WINDOWS\TEMP\BIT32\RELEASE\ANTNET\CNETUTILITY.OBJ
F:\TEMP\ANTNET\BUILD\WINDOWS\TEMP\BIT32\RELEASE\ANTNET\CQUEUERING.OBJ
F:\TEMP\ANTNET\BUILD\WINDOWS\TEMP\BIT32\RELEASE\ANTNET\CSTREAMFILE.OBJ
F:\TEMP\ANTNET\BUILD\WINDOWS\TEMP\BIT32\RELEASE\ANTNET\IAPPLOGGER.OBJ
F:\TEMP\ANTNET\BUILD\WINDOWS\TEMP\BIT32\RELEASE\ANTNET\IAPPTIMER.OBJ
F:\TEMP\ANTNET\BUILD\WINDOWS\TEMP\BIT32\RELEASE\ANTNET\ITIMER.OBJ
F:\TEMP\ANTNET\BUILD\WINDOWS\TEMP\BIT32\RELEASE\ANTNET\IUTILITY.OBJ
F:\TEMP\ANTNET\BUILD\WINDOWS\TEMP\BIT32\RELEASE\ANTNET\SCLIENTCONTEXT.OBJ
F:\TEMP\ANTNET\BUILD\WINDOWS\TEMP\BIT32\RELEASE\ANTNET\VC100.PDB
F:\TEMP\ANTNET\LIB\BIT32\WINDOWS\ANTNET-32.LIB
